2023-5-5 (7PM)[right meow!] info: server is running port 43211
2023-5-5 (7PM)[px] info: server is running port 43211
2023-5-5 (7PM)[px] info: server is running port 43211
2023-5-5 (7PM)[px] info: server is running port 43211
2023-5-5 (7PM)[px] info: server is running port 43211
2023-5-5 (7PM)[px] info: MongoDB connected
2023-5-5 (7PM)[px] info: server is running port 43211
2023-5-5 (7PM)[px] info: MongoDB connected
2023-5-5 (7PM)[px] info: server running port 43211
2023-5-5 (7PM)[px] info: MongoDB connected
2023-5-5 (7PM)[px] info: server running  43211
2023-5-5 (7PM)[px] info: MongoDB connected
2023-5-5 (7PM)[px] info: server running 43211
2023-5-5 (7PM)[px] info: MongoDB connected
2023-5-5 (7PM)[px] info: server running 43211
2023-5-5 (7PM)[undefined] info: server running 43211
2023-5-5 (7PM)[undefined]  server running 43211
2023-5-5 (7PM) server running 43211
2023-5-5 (7PM) server running 43211
2023-5-5 (7PM) server running 43211
2023-5-5 (7PM) MongoDB connected
